app/build/outputs/logs/manifest-merger-debug-report.txt
-- Merging decision tree log ---
manifest
ADDED from AndroidManifest.xml:10:1
	xmlns:android
		ADDED from AndroidManifest.xml:10:11
	package
		ADDED from AndroidManifest.xml:11:5
		INJECTED from AndroidManifest.xml:0:0
		INJECTED from AndroidManifest.xml:0:0
	android:versionName
		ADDED from AndroidManifest.xml:13:5
	android:versionCode
		ADDED from AndroidManifest.xml:12:5
		INJECTED from AndroidManifest.xml:0:0
		INJECTED from AndroidManifest.xml:0:0
uses-permission#android.permission.READ_PHONE_STATE
ADDED from AndroidManifest.xml:15:5
	android:name
		ADDED from AndroidManifest.xml:15:22
uses-permission#android.permission.ACCESS_WIFI_STATE
ADDED from AndroidManifest.xml:16:5
	android:name
		ADDED from AndroidManifest.xml:16:22
uses-permission#android.permission.INTERNET
ADDED from AndroidManifest.xml:17:5
	android:name
		ADDED from AndroidManifest.xml:17:22
uses-permission#android.permission.ACCESS_FINE_LOCATION
ADDED from AndroidManifest.xml:18:5
	android:name
		ADDED from AndroidManifest.xml:18:22
uses-permission#android.permission.WRITE_EXTERNAL_STORAGE
ADDED from AndroidManifest.xml:19:5
	android:name
		ADDED from AndroidManifest.xml:19:22
uses-permission#android.permission.GET_ACCOUNTS
ADDED from AndroidManifest.xml:20:5
	android:name
		ADDED from AndroidManifest.xml:20:22
uses-permission#android.permission.USE_CREDENTIALS
ADDED from AndroidManifest.xml:21:5
	android:name
		ADDED from AndroidManifest.xml:21:22
uses-permission#android.permission.ACCESS_NETWORK_STATE
ADDED from AndroidManifest.xml:22:5
	android:name
		ADDED from AndroidManifest.xml:22:22
uses-sdk
ADDED from AndroidManifest.xml:24:5
	android:targetSdkVersion
		INJECTED from AndroidManifest.xml:0:0
		INJECTED from AndroidManifest.xml:0:0
	android:minSdkVersion
		ADDED from AndroidManifest.xml:24:15
		INJECTED from AndroidManifest.xml:0:0
		INJECTED from AndroidManifest.xml:0:0
supports-screens
ADDED from AndroidManifest.xml:26:5
	android:resizeable
		ADDED from AndroidManifest.xml:30:9
	android:largeScreens
		ADDED from AndroidManifest.xml:28:9
	android:anyDensity
		ADDED from AndroidManifest.xml:27:9
	android:normalScreens
		ADDED from AndroidManifest.xml:29:9
	android:smallScreens
		ADDED from AndroidManifest.xml:31:9
application
ADDED from AndroidManifest.xml:33:5
	android:label
		ADDED from AndroidManifest.xml:36:9
	android:icon
		ADDED from AndroidManifest.xml:35:9
	android:theme
		ADDED from AndroidManifest.xml:37:9
	android:name
		ADDED from AndroidManifest.xml:34:9
provider#org.odk.collect.android.provider.FormsProvider
ADDED from AndroidManifest.xml:38:9
	android:authorities
		ADDED from AndroidManifest.xml:40:13
	android:name
		ADDED from AndroidManifest.xml:39:13
provider#org.odk.collect.android.provider.InstanceProvider
ADDED from AndroidManifest.xml:41:9
	android:authorities
		ADDED from AndroidManifest.xml:43:13
	android:name
		ADDED from AndroidManifest.xml:42:13
activity#org.odk.collect.android.activities.MainMenuActivity
ADDED from AndroidManifest.xml:45:9
	android:label
		ADDED from AndroidManifest.xml:48:13
	android:configChanges
		ADDED from AndroidManifest.xml:47:13
	android:name
		ADDED from AndroidManifest.xml:46:13
intent-filter#android.intent.action.SEND+android.intent.category.DEFAULT
ADDED from AndroidManifest.xml:49:13
action#android.intent.action.SEND
ADDED from AndroidManifest.xml:50:17
	android:name
		ADDED from AndroidManifest.xml:50:25
category#android.intent.category.DEFAULT
ADDED from AndroidManifest.xml:51:17
	android:name
		ADDED from AndroidManifest.xml:51:27
data
ADDED from AndroidManifest.xml:52:17
	android:mimeType
		ADDED from AndroidManifest.xml:52:23
activity#org.odk.collect.android.activities.FailActivity
ADDED from AndroidManifest.xml:55:9
	android:screenOrientation
		ADDED from AndroidManifest.xml:57:13
	android:label
		ADDED from AndroidManifest.xml:58:13
	android:name
		ADDED from AndroidManifest.xml:56:13
activity#org.odk.collect.android.activities.FormEntryActivity
ADDED from AndroidManifest.xml:59:9
	android:windowSoftInputMode
		ADDED from AndroidManifest.xml:63:13
	android:label
		ADDED from AndroidManifest.xml:62:13
	android:configChanges
		ADDED from AndroidManifest.xml:61:13
	android:name
		ADDED from AndroidManifest.xml:60:13
intent-filter#android.intent.action.EDIT+android.intent.action.VIEW+android.intent.category.DEFAULT
ADDED from AndroidManifest.xml:64:13
action#android.intent.action.VIEW
ADDED from AndroidManifest.xml:65:17
	android:name
		ADDED from AndroidManifest.xml:65:25
action#android.intent.action.EDIT
ADDED from AndroidManifest.xml:66:17
	android:name
		ADDED from AndroidManifest.xml:66:25
activity#org.odk.collect.android.activities.AccountList
ADDED from AndroidManifest.xml:74:9
	android:label
		ADDED from AndroidManifest.xml:76:13
	android:name
		ADDED from AndroidManifest.xml:75:13
activity#org.odk.collect.android.activities.AccountInfo
ADDED from AndroidManifest.xml:77:9
	android:label
		ADDED from AndroidManifest.xml:79:13
	android:name
		ADDED from AndroidManifest.xml:78:13
activity#org.odk.collect.android.activities.DrawActivity
ADDED from AndroidManifest.xml:80:9
	android:label
		ADDED from AndroidManifest.xml:82:13
	android:name
		ADDED from AndroidManifest.xml:81:13
activity#org.odk.collect.android.activities.InstanceChooserList
ADDED from AndroidManifest.xml:83:9
	android:label
		ADDED from AndroidManifest.xml:85:13
	android:name
		ADDED from AndroidManifest.xml:84:13
activity#org.odk.collect.android.activities.InstanceChooserTabs
ADDED from AndroidManifest.xml:96:9
	android:label
		ADDED from AndroidManifest.xml:98:13
	android:name
		ADDED from AndroidManifest.xml:97:13
activity#org.odk.collect.android.activities.FormChooserList
ADDED from AndroidManifest.xml:99:9
	android:label
		ADDED from AndroidManifest.xml:101:13
	android:name
		ADDED from AndroidManifest.xml:100:13
intent-filter#android.intent.action.EDIT+android.intent.action.PICK+android.intent.action.VIEW+android.intent.category.DEFAULT
ADDED from AndroidManifest.xml:102:13
action#android.intent.action.PICK
ADDED from AndroidManifest.xml:105:17
	android:name
		ADDED from AndroidManifest.xml:105:25
activity#org.odk.collect.android.activities.FormManagerList
ADDED from AndroidManifest.xml:112:9
	android:label
		ADDED from AndroidManifest.xml:114:13
	android:name
		ADDED from AndroidManifest.xml:113:13
activity#org.odk.collect.android.activities.FormDownloadList
ADDED from AndroidManifest.xml:115:9
	android:label
		ADDED from AndroidManifest.xml:117:13
	android:name
		ADDED from AndroidManifest.xml:116:13
activity#org.odk.collect.android.activities.DataManagerList
ADDED from AndroidManifest.xml:118:9
	android:label
		ADDED from AndroidManifest.xml:120:13
	android:name
		ADDED from AndroidManifest.xml:119:13
activity#org.odk.collect.android.activities.FileManagerTabs
ADDED from AndroidManifest.xml:121:9
	android:label
		ADDED from AndroidManifest.xml:123:13
	android:name
		ADDED from AndroidManifest.xml:122:13
activity#org.odk.collect.android.activities.InstanceUploaderList
ADDED from AndroidManifest.xml:124:9
	android:label
		ADDED from AndroidManifest.xml:126:13
	android:name
		ADDED from AndroidManifest.xml:125:13
activity#org.odk.collect.android.activities.InstanceUploaderActivity
ADDED from AndroidManifest.xml:127:9
	android:label
		ADDED from AndroidManifest.xml:129:13
	android:name
		ADDED from AndroidManifest.xml:128:13
activity#org.odk.collect.android.preferences.PreferencesActivity
ADDED from AndroidManifest.xml:130:9
	android:label
		ADDED from AndroidManifest.xml:132:13
	android:name
		ADDED from AndroidManifest.xml:131:13
activity#org.odk.collect.android.preferences.AdminPreferencesActivity
ADDED from AndroidManifest.xml:133:9
	android:label
		ADDED from AndroidManifest.xml:135:13
	android:name
		ADDED from AndroidManifest.xml:134:13
activity#org.odk.collect.android.activities.FormHierarchyActivity
ADDED from AndroidManifest.xml:136:9
	android:label
		ADDED from AndroidManifest.xml:138:13
	android:name
		ADDED from AndroidManifest.xml:137:13
activity#org.odk.collect.android.activities.GeoPointActivity
ADDED from AndroidManifest.xml:139:9
	android:label
		ADDED from AndroidManifest.xml:141:13
	android:name
		ADDED from AndroidManifest.xml:140:13
activity#org.odk.collect.android.activities.GeoPointMapActivity
ADDED from AndroidManifest.xml:142:9
	android:label
		ADDED from AndroidManifest.xml:144:13
	android:name
		ADDED from AndroidManifest.xml:143:13
activity#org.odk.collect.android.activities.SplashScreenActivity
ADDED from AndroidManifest.xml:145:9
	android:label
		ADDED from AndroidManifest.xml:147:13
	android:theme
		ADDED from AndroidManifest.xml:148:13
	android:name
		ADDED from AndroidManifest.xml:146:13
intent-filter#android.intent.action.MAIN+android.intent.category.DEFAULT+android.intent.category.LAUNCHER
ADDED from AndroidManifest.xml:149:13
action#android.intent.action.MAIN
ADDED from AndroidManifest.xml:150:17
	android:name
		ADDED from AndroidManifest.xml:150:25
category#android.intent.category.LAUNCHER
ADDED from AndroidManifest.xml:153:17
	android:name
		ADDED from AndroidManifest.xml:153:27
activity#org.odk.collect.android.activities.AndroidShortcuts
ADDED from AndroidManifest.xml:157:9
	android:label
		ADDED from AndroidManifest.xml:159:13
	android:theme
		ADDED from AndroidManifest.xml:160:13
	android:name
		ADDED from AndroidManifest.xml:158:13
intent-filter#android.intent.action.CREATE_SHORTCUT+android.intent.category.DEFAULT
ADDED from AndroidManifest.xml:161:13
action#android.intent.action.CREATE_SHORTCUT
ADDED from AndroidManifest.xml:162:17
	android:name
		ADDED from AndroidManifest.xml:162:25
uses-library#com.google.android.maps
ADDED from AndroidManifest.xml:168:9
	android:required
		ADDED from AndroidManifest.xml:170:13
	android:name
		ADDED from AndroidManifest.xml:169:13